<?xml version="1.0" encoding="UTF-8"?>
<!-- Generated by org.testng.reporters.JUnitReportReporter -->
<testsuite hostname="DESKTOP-92IFQQ8" failures="0" tests="2" name="com.qa.urlshortener.testcases.ConnectionTest" time="2.969" errors="0" timestamp="2021-09-12T23:28:59 IST" skipped="0">
  <testcase classname="com.qa.urlshortener.testcases.ConnectionTest" name="testResponseCode" time="0.060"/>
  <system-out/>
  <testcase classname="com.qa.urlshortener.testcases.ConnectionTest" name="testBody" time="2.909"/>
  <system-out/>
</testsuite> <!-- com.qa.urlshortener.testcases.ConnectionTest -->
