<?xml version="1.0" encoding="UTF-8"?>
<!-- Generated by org.testng.reporters.JUnitReportReporter -->
<testsuite hostname="DESKTOP-92IFQQ8" failures="0" tests="3" name="com.qa.urlshortener.testcases.UrlShortenerServiceTest" time="0.991" errors="0" timestamp="2021-09-12T23:28:59 IST" skipped="0">
  <testcase classname="com.qa.urlshortener.testcases.UrlShortenerServiceTest" name="generateTest" time="0.210"/>
  <system-out/>
  <testcase classname="com.qa.urlshortener.testcases.UrlShortenerServiceTest" name="redirectTest" time="0.109"/>
  <system-out/>
  <testcase classname="com.qa.urlshortener.testcases.UrlShortenerServiceTest" name="urlShortenerTest" time="0.672"/>
  <system-out/>
</testsuite> <!-- com.qa.urlshortener.testcases.UrlShortenerServiceTest -->
