<?xml version="1.0" encoding="UTF-8"?>
<!-- Generated by org.testng.reporters.JUnitReportReporter -->
<testsuite skipped="0" hostname="DESKTOP-92IFQQ8" name="com.qa.urlshortener.testcases.ConnectionTest" tests="2" failures="0" timestamp="2021-09-13T21:19:18 IST" time="5.186" errors="0">
  <testcase name="testBody" time="5.154" classname="com.qa.urlshortener.testcases.ConnectionTest"/>
  <system-out/>
  <testcase name="testResponseCode" time="0.032" classname="com.qa.urlshortener.testcases.ConnectionTest"/>
  <system-out/>
</testsuite> <!-- com.qa.urlshortener.testcases.ConnectionTest -->
