<?xml version="1.0" encoding="UTF-8"?>
<!-- Generated by org.testng.reporters.JUnitReportReporter -->
<testsuite skipped="0" hostname="DESKTOP-92IFQQ8" name="com.qa.urlshortener.testcases.UrlShortenerServiceTest" tests="3" failures="0" timestamp="2021-09-13T21:19:18 IST" time="0.902" errors="0">
  <testcase name="generateTest" time="0.133" classname="com.qa.urlshortener.testcases.UrlShortenerServiceTest"/>
  <system-out/>
  <testcase name="redirectTest" time="0.113" classname="com.qa.urlshortener.testcases.UrlShortenerServiceTest"/>
  <system-out/>
  <testcase name="urlShortenerTest" time="0.656" classname="com.qa.urlshortener.testcases.UrlShortenerServiceTest"/>
  <system-out/>
</testsuite> <!-- com.qa.urlshortener.testcases.UrlShortenerServiceTest -->
